<?xml version="1.0" encoding="UTF-8"?>
<testsuite xmlns:xsi="http://www.w3.org/2001/XMLSchema-instance" xsi:noNamespaceSchemaLocation="https://maven.apache.org/surefire/maven-surefire-plugin/xsd/surefire-test-report.xsd" name="TestSuite" time="6.484" tests="17" errors="0" skipped="16" failures="1">
  <properties>
[...]
</properties>
  <testcase name="setUp" classname="Homework06.Tests.TestDigitalCollection" time="1.262">
    <failure message="&#10;Parameter &apos;browser&apos; is required by BeforeTest on method setUp but has not been marked @Optional or defined&#10;" type="org.testng.TestNGException">org.testng.TestNGException: 

Parameter 'browser' is required by BeforeTest on method setUp but has not been marked @Optional or defined

</failure>
    <system-err><![CDATA[SLF4J: Failed to load class "org.slf4j.impl.StaticLoggerBinder".
SLF4J: Defaulting to no-operation (NOP) logger implementation
SLF4J: See http://www.slf4j.org/codes.html#StaticLoggerBinder for further details.
]]></system-err>
  </testcase>
  <testcase name="startApp" classname="Homework06.Tests.TestDigitalCollection" time="0">
    <skipped/>
  </testcase>
  <testcase name="assertDigitalCollection" classname="Homework06.Tests.TestDigitalCollection" time="0">
    <skipped message="&#10;Parameter &apos;browser&apos; is required by BeforeTest on method setUp but has not been marked @Optional or defined&#10;"/>
    <system-out><![CDATA[assertDigitalCollection test case started
]]></system-out>
  </testcase>
  <testcase name="searchBox" classname="Homework06.Tests.TestDigitalCollection" time="0">
    <skipped message="&#10;Parameter &apos;browser&apos; is required by BeforeTest on method setUp but has not been marked @Optional or defined&#10;"/>
    <system-out><![CDATA[The name of the testcase Skipped is :assertDigitalCollection
searchBox test case started
]]></system-out>
  </testcase>
  <testcase name="searchBox" classname="Homework06.Tests.TestDigitalCollection" time="0">
    <skipped message="&#10;Parameter &apos;browser&apos; is required by BeforeTest on method setUp but has not been marked @Optional or defined&#10;"/>
    <system-out><![CDATA[The name of the testcase Skipped is :searchBox
searchBox test case started
]]></system-out>
  </testcase>
  <testcase name="searchBox" classname="Homework06.Tests.TestDigitalCollection" time="0">
    <skipped message="&#10;Parameter &apos;browser&apos; is required by BeforeTest on method setUp but has not been marked @Optional or defined&#10;"/>
    <system-out><![CDATA[The name of the testcase Skipped is :searchBox
searchBox test case started
]]></system-out>
  </testcase>
  <testcase name="startApp" classname="Homework06.Tests.TestHomePage" time="0">
    <skipped/>
    <system-out><![CDATA[The name of the testcase Skipped is :searchBox
]]></system-out>
  </testcase>
  <testcase name="assertUrl" classname="Homework06.Tests.TestHomePage" time="0">
    <skipped message="&#10;Parameter &apos;browser&apos; is required by BeforeTest on method setUp but has not been marked @Optional or defined&#10;"/>
    <system-out><![CDATA[assertUrl test case started
]]></system-out>
  </testcase>
  <testcase name="testSlider" classname="Homework06.Tests.TestHomePage" time="0">
    <skipped message="&#10;Parameter &apos;browser&apos; is required by BeforeTest on method setUp but has not been marked @Optional or defined&#10;"/>
    <system-out><![CDATA[The name of the testcase Skipped is :assertUrl
testSlider test case started
]]></system-out>
  </testcase>
  <testcase name="testTopSearchs" classname="Homework06.Tests.TestHomePage" time="0">
    <skipped message="Method Homework06.Tests.TestHomePage.testTopSearchs() on instance Homework06.Tests.TestHomePage@34f6515b depends on not successfully finished methods &#10;[Homework06.Tests.TestHomePage.testSlider() on instance Homework06.Tests.TestHomePage@34f6515b]"/>
    <system-out><![CDATA[The name of the testcase Skipped is :testSlider
testTopSearchs test case started
]]></system-out>
  </testcase>
  <testcase name="testGoToDigitalColletions" classname="Homework06.Tests.TestHomePage" time="0">
    <skipped message="Method Homework06.Tests.TestHomePage.testGoToDigitalColletions() on instance Homework06.Tests.TestHomePage@34f6515b depends on not successfully finished methods &#10;[Homework06.Tests.TestHomePage.testSlider() on instance Homework06.Tests.TestHomePage@34f6515b&#10;Homework06.Tests.TestHomePage.testTopSearchs() on instance Homework06.Tests.TestHomePage@34f6515b&#10;Homework06.Tests.TestHomePage.assertUrl() on instance Homework06.Tests.TestHomePage@34f6515b]"/>
    <system-out><![CDATA[The name of the testcase Skipped is :testTopSearchs
testGoToDigitalColletions test case started
]]></system-out>
  </testcase>
  <testcase name="startApp" classname="Homework06.Tests.TestSurvey" time="0">
    <skipped/>
    <system-out><![CDATA[The name of the testcase Skipped is :testGoToDigitalColletions
]]></system-out>
  </testcase>
  <testcase name="goToSurvey" classname="Homework06.Tests.TestSurvey" time="0">
    <skipped message="&#10;Parameter &apos;browser&apos; is required by BeforeTest on method setUp but has not been marked @Optional or defined&#10;"/>
    <system-out><![CDATA[goToSurvey test case started
]]></system-out>
  </testcase>
  <testcase name="assertQuestions" classname="Homework06.Tests.TestSurvey" time="0">
    <skipped message="Method Homework06.Tests.TestSurvey.assertQuestions() on instance Homework06.Tests.TestSurvey@4b34fff9 depends on not successfully finished methods &#10;[Homework06.Tests.TestSurvey.goToSurvey() on instance Homework06.Tests.TestSurvey@4b34fff9]"/>
    <system-out><![CDATA[The name of the testcase Skipped is :goToSurvey
assertQuestions test case started
]]></system-out>
  </testcase>
  <testcase name="answerQuestions" classname="Homework06.Tests.TestSurvey" time="0">
    <skipped message="Method Homework06.Tests.TestSurvey.answerQuestions() on instance Homework06.Tests.TestSurvey@4b34fff9 depends on not successfully finished methods &#10;[Homework06.Tests.TestSurvey.goToSurvey() on instance Homework06.Tests.TestSurvey@4b34fff9&#10;Homework06.Tests.TestSurvey.assertQuestions() on instance Homework06.Tests.TestSurvey@4b34fff9]"/>
    <system-out><![CDATA[The name of the testcase Skipped is :assertQuestions
answerQuestions test case started
]]></system-out>
  </testcase>
  <testcase name="submitSurvey" classname="Homework06.Tests.TestSurvey" time="0">
    <skipped message="Method Homework06.Tests.TestSurvey.submitSurvey() on instance Homework06.Tests.TestSurvey@4b34fff9 depends on not successfully finished methods &#10;[Homework06.Tests.TestSurvey.answerQuestions() on instance Homework06.Tests.TestSurvey@4b34fff9]"/>
    <system-out><![CDATA[The name of the testcase Skipped is :answerQuestions
submitSurvey test case started
]]></system-out>
  </testcase>
  <testcase name="tearDown" classname="Homework06.Tests.TestDigitalCollection" time="0">
    <skipped/>
    <system-out><![CDATA[The name of the testcase Skipped is :submitSurvey
]]></system-out>
  </testcase>
</testsuite>