<?xml version="1.0" encoding="UTF-8"?>
<!-- Generated by org.testng.reporters.JUnitXMLReporter -->
<testsuite ignored="4" hostname="DESKTOP-092J5ON" failures="0" tests="15" name="Homework06" time="44.322" errors="0" timestamp="2022-10-09T22:43:41 ART">
  <testcase classname="Homework06.Tests.TestHomePage" name="assertUrl" time="0.039"/>
  <testcase classname="Homework06.Tests.TestHomePage" name="testSlider" time="2.177">
    <skipped/>
  </testcase> <!-- testSlider -->
  <testcase classname="Homework06.Tests.TestHomePage" name="testSlider" time="2.101">
    <skipped/>
  </testcase> <!-- testSlider -->
  <testcase classname="Homework06.Tests.TestHomePage" name="testSlider" time="2.111">
    <skipped/>
  </testcase> <!-- testSlider -->
  <testcase classname="Homework06.Tests.TestHomePage" name="testSlider" time="2.1"/>
  <testcase classname="Homework06.Tests.TestHomePage" name="testTopSearchs" time="0.27"/>
  <testcase classname="Homework06.Tests.TestHomePage" name="testGoToDigitalColletions" time="2.527"/>
  <testcase classname="Homework06.Tests.TestDigitalCollection" name="assertDigitalCollection" time="0.036"/>
  <testcase classname="Homework06.Tests.TestDigitalCollection" name="searchBox" time="7.407"/>
  <testcase classname="Homework06.Tests.TestDigitalCollection" name="searchBox" time="4.516"/>
  <testcase classname="Homework06.Tests.TestDigitalCollection" name="searchBox" time="3.664"/>
  <testcase classname="Homework06.Tests.TestSurvey" name="goToSurvey" time="0.023"/>
  <testcase classname="Homework06.Tests.TestSurvey" name="assertQuestions" time="4.726"/>
  <testcase classname="Homework06.Tests.TestSurvey" name="answerQuestions" time="0.282"/>
  <testcase classname="Homework06.Tests.TestSurvey" name="submitSurvey" time="1.739"/>
  <testcase classname="Homework06.Tests.BaseTest" name="@BeforeTest setUp" time="0.0">
    <ignored/>
  </testcase> <!-- @BeforeTest setUp -->
  <testcase classname="Homework06.Tests.BaseTest" name="@AfterTest tearDown" time="0.0">
    <ignored/>
  </testcase> <!-- @AfterTest tearDown -->
  <testcase classname="Homework06.Tests.BaseTest" name="@BeforeTest setUp" time="0.0">
    <ignored/>
  </testcase> <!-- @BeforeTest setUp -->
  <testcase classname="Homework06.Tests.BaseTest" name="@AfterTest tearDown" time="0.0">
    <ignored/>
  </testcase> <!-- @AfterTest tearDown -->
</testsuite> <!-- Homework06 -->
